#
# There is insufficient memory for the Java Runtime Environment to continue.
# Native memory allocation (mmap) failed to map 125829120 bytes for G1 virtual space
# Possible reasons:
#   The system is out of physical RAM or swap space
#   The process is running with CompressedOops enabled, and the Java Heap may be blocking the growth of the native heap
# Possible solutions:
#   Reduce memory load on the system
#   Increase physical memory or swap space
#   Check if swap backing store is full
#   Decrease Java heap size (-Xmx/-Xms)
#   Decrease number of Java threads
#   Decrease Java thread stack sizes (-Xss)
#   Set larger code cache with -XX:ReservedCodeCacheSize=
#   JVM is running with Unscaled Compressed Oops mode in which the Java heap is
#     placed in the first 4GB address space. The Java Heap base address is the
#     maximum limit for the native heap growth. Please use -XX:HeapBaseMinAddress
#     to set the Java Heap base and to place the Java Heap above 4GB virtual address.
# This output file may be truncated or incomplete.
#
#  Out of Memory Error (./open/src/hotspot/os/windows/os_windows.cpp:3321), pid=28584, tid=1424
#
# JRE version:  (15.0.2+7) (build )
# Java VM: OpenJDK 64-Bit Server VM (15.0.2+7-27, mixed mode, sharing, tiered, compressed oops, g1 gc, windows-amd64)
# No core dump will be written. Minidumps are not enabled by default on client versions of Windows
#

---------------  S U M M A R Y ------------

Command Line: -ea -Dfile.encoding=Cp1252 -XX:+ShowCodeDetailsInExceptionMessages org.testng.remote.RemoteTestNG -serport 52680 -protocol json -d D:\Riyaz\AWB\qspiderLtu\QspidersLTU\test-output C:\Users\L10030~1\AppData\Local\Temp\testng-eclipse--158888577\testng-customsuite.xml

Host: Intel(R) Core(TM) i7-4600U CPU @ 2.10GHz, 4 cores, 7G,  Windows 10 , 64 bit Build 19041 (10.0.19041.1023)
Time: Fri Jul 30 07:33:53 2021 India Standard Time elapsed time: 0.066987 seconds (0d 0h 0m 0s)

---------------  T H R E A D  ---------------

Current thread (0x000001dadfb432d0):  JavaThread "Unknown thread" [_thread_in_vm, id=1424, stack(0x0000008c10b00000,0x0000008c10c00000)]

Stack: [0x0000008c10b00000,0x0000008c10c00000]
Native frames: (J=compiled Java code, j=interpreted, Vv=VM code, C=native code)
V  [jvm.dll+0x62ae9a]
V  [jvm.dll+0x7817a9]
V  [jvm.dll+0x782f03]
V  [jvm.dll+0x783563]
V  [jvm.dll+0x216325]
V  [jvm.dll+0x6281d9]
V  [jvm.dll+0x61cf55]
V  [jvm.dll+0x2cffdd]
V  [jvm.dll+0x2cfe42]
V  [jvm.dll+0x2d5e1c]
V  [jvm.dll+0x32590a]
V  [jvm.dll+0x324fd4]
V  [jvm.dll+0x2a6f5a]
V  [jvm.dll+0x2a80f8]
V  [jvm.dll+0x75e241]
V  [jvm.dll+0x3341c4]
V  [jvm.dll+0x73e926]
V  [jvm.dll+0x3b7557]
V  [jvm.dll+0x3b8fe1]
C  [jli.dll+0x52fb]
C  [ucrtbase.dll+0x21bb2]
C  [KERNEL32.DLL+0x17034]
C  [ntdll.dll+0x52651]


---------------  P R O C E S S  ---------------

Threads class SMR info:
_java_thread_list=0x00007ffdcbf54ff0, length=0, elements={
}

Java Threads: ( => current thread )

Other Threads:
  0x000001dadfb79f10 GCTaskThread "GC Thread#0" [stack: 0x0000008c10c00000,0x0000008c10d00000] [id=4048]
  0x000001dadfb8ad70 ConcurrentGCThread "G1 Main Marker" [stack: 0x0000008c10d00000,0x0000008c10e00000] [id=17352]
  0x000001dadfb8e3e0 ConcurrentGCThread "G1 Conc#0" [stack: 0x0000008c10e00000,0x0000008c10f00000] [id=5680]

[error occurred during error reporting (printing all threads), id 0xc0000005, EXCEPTION_ACCESS_VIOLATION (0xc0000005) at pc=0x00007ffdcb747e27]

VM state: not at safepoint (not fully initialized)

VM Mutex/Monitor currently owned by a thread:  ([mutex/lock_event])
[0x000001dadda2bc10] Heap_lock - owner thread: 0x000001dadfb432d0

Heap address: 0x0000000089000000, size: 1904 MB, Compressed Oops mode: 32-bit
CDS archive(s) mapped at: [0x0000000000000000-0x0000000000000000-0x0000000000000000), size 0, SharedBaseAddress: 0x0000000800000000, ArchiveRelocationMode: 0.
Narrow klass base: 0x0000000000000000, Narrow klass shift: 0, Narrow klass range: 0x0

Heap:
 garbage-first heap   total 122880K, used 0K [0x0000000089000000, 0x0000000100000000)
  region size 1024K, 0 young (0K), 0 survivors (0K)
 Metaspace       used 0K, capacity 0K, committed 0K, reserved 0K
  class space    used 0K, capacity 0K, committed 0K, reserved 0K

Heap Regions: E=young(eden), S=young(survivor), O=old, HS=humongous(starts), HC=humongous(continues), CS=collection set, F=free, OA=open archive, CA=closed archive, TAMS=top-at-mark-start (previous, next)

Card table byte_map: [0x000001daf28f0000,0x000001daf2cb0000] _byte_map_base: 0x000001daf24a8000

Marking Bits (Prev, Next): (CMBitMap*) 0x000001dadfb7b610, (CMBitMap*) 0x000001dadfb7b650
 Prev Bits: [0x000001daf3070000, 0x000001daf4e30000)
 Next Bits: [0x000001daf4e30000, 0x000001daf6bf0000)

GC Heap History (0 events):
No events

Deoptimization events (0 events):
No events

Classes unloaded (0 events):
No events

Classes redefined (0 events):
No events

Internal exceptions (0 events):
No events

Events (1 events):
Event: 0.027 Loaded shared library C:\Users\L10030BLR\.p2\pool\plugins\org.eclipse.justj.openjdk.hotspot.jre.full.win32.x86_64_15.0.2.v20210201-0955\jre\bin\java.dll


Dynamic libraries:
0x00007ff6b4b90000 - 0x00007ff6b4b9d000 	C:\Users\L10030BLR\.p2\pool\plugins\org.eclipse.justj.openjdk.hotspot.jre.full.win32.x86_64_15.0.2.v20210201-0955\jre\bin\javaw.exe
0x00007ffe2e0b0000 - 0x00007ffe2e2a5000 	C:\Windows\SYSTEM32\ntdll.dll
0x00007ffe2d3c0000 - 0x00007ffe2d47d000 	C:\Windows\System32\KERNEL32.DLL
0x00007ffe2ba10000 - 0x00007ffe2bcd9000 	C:\Windows\System32\KERNELBASE.dll
0x0000000052380000 - 0x000000005242e000 	C:\Windows\System32\SYSFER.DLL
0x00007ffe2b7f0000 - 0x00007ffe2b8f0000 	C:\Windows\System32\ucrtbase.dll
0x00007ffe1d270000 - 0x00007ffe1d288000 	C:\Users\L10030BLR\.p2\pool\plugins\org.eclipse.justj.openjdk.hotspot.jre.full.win32.x86_64_15.0.2.v20210201-0955\jre\bin\jli.dll
0x00007ffe14bb0000 - 0x00007ffe14bc9000 	C:\Users\L10030BLR\.p2\pool\plugins\org.eclipse.justj.openjdk.hotspot.jre.full.win32.x86_64_15.0.2.v20210201-0955\jre\bin\VCRUNTIME140.dll
0x00007ffe2c7a0000 - 0x00007ffe2c940000 	C:\Windows\System32\USER32.dll
0x00007ffe2b940000 - 0x00007ffe2b962000 	C:\Windows\System32\win32u.dll
0x00007ffe18c30000 - 0x00007ffe18eca000 	C:\Windows\WinSxS\amd64_microsoft.windows.common-controls_6595b64144ccf1df_6.0.19041.1110_none_60b5254171f9507e\COMCTL32.dll
0x00007ffe2cf20000 - 0x00007ffe2cf4a000 	C:\Windows\System32\GDI32.dll
0x00007ffe2ce80000 - 0x00007ffe2cf1e000 	C:\Windows\System32\msvcrt.dll
0x00007ffe2bdc0000 - 0x00007ffe2becb000 	C:\Windows\System32\gdi32full.dll
0x00007ffe2b970000 - 0x00007ffe2ba0d000 	C:\Windows\System32\msvcp_win.dll
0x00007ffe2caf0000 - 0x00007ffe2cb20000 	C:\Windows\System32\IMM32.DLL
0x00007ffe28330000 - 0x00007ffe2833c000 	C:\Users\L10030BLR\.p2\pool\plugins\org.eclipse.justj.openjdk.hotspot.jre.full.win32.x86_64_15.0.2.v20210201-0955\jre\bin\vcruntime140_1.dll
0x00007ffdfe480000 - 0x00007ffdfe511000 	C:\Users\L10030BLR\.p2\pool\plugins\org.eclipse.justj.openjdk.hotspot.jre.full.win32.x86_64_15.0.2.v20210201-0955\jre\bin\msvcp140.dll
0x00007ffdcb490000 - 0x00007ffdcbfee000 	C:\Users\L10030BLR\.p2\pool\plugins\org.eclipse.justj.openjdk.hotspot.jre.full.win32.x86_64_15.0.2.v20210201-0955\jre\bin\server\jvm.dll
0x00007ffe2cc90000 - 0x00007ffe2cd3c000 	C:\Windows\System32\ADVAPI32.dll
0x00007ffe2c180000 - 0x00007ffe2c21b000 	C:\Windows\System32\sechost.dll
0x00007ffe2cd50000 - 0x00007ffe2ce7a000 	C:\Windows\System32\RPCRT4.dll
0x00007ffe2d920000 - 0x00007ffe2d928000 	C:\Windows\System32\PSAPI.DLL
0x00007ffe15fe0000 - 0x00007ffe15fe9000 	C:\Windows\SYSTEM32\WSOCK32.dll
0x00007ffe2cf50000 - 0x00007ffe2cfbb000 	C:\Windows\System32\WS2_32.dll
0x00007ffe25ee0000 - 0x00007ffe25f07000 	C:\Windows\SYSTEM32\WINMM.dll
0x00007ffe291e0000 - 0x00007ffe291ea000 	C:\Windows\SYSTEM32\VERSION.dll
0x00007ffe29640000 - 0x00007ffe29652000 	C:\Windows\SYSTEM32\kernel.appcore.dll
0x00007ffe244c0000 - 0x00007ffe244ca000 	C:\Users\L10030BLR\.p2\pool\plugins\org.eclipse.justj.openjdk.hotspot.jre.full.win32.x86_64_15.0.2.v20210201-0955\jre\bin\jimage.dll
0x00007ffe28d40000 - 0x00007ffe28f24000 	C:\Windows\SYSTEM32\DBGHELP.DLL
0x00007ffe24450000 - 0x00007ffe2447c000 	C:\Windows\SYSTEM32\dbgcore.DLL
0x00007ffe2c030000 - 0x00007ffe2c0b3000 	C:\Windows\System32\bcryptPrimitives.dll
0x00007ffe049c0000 - 0x00007ffe049e5000 	C:\Users\L10030BLR\.p2\pool\plugins\org.eclipse.justj.openjdk.hotspot.jre.full.win32.x86_64_15.0.2.v20210201-0955\jre\bin\java.dll

dbghelp: loaded successfully - version: 4.0.5 - missing functions: none
symbol engine: initialized successfully - sym options: 0x614 - pdb path: .;C:\Users\L10030BLR\.p2\pool\plugins\org.eclipse.justj.openjdk.hotspot.jre.full.win32.x86_64_15.0.2.v20210201-0955\jre\bin;C:\Windows\SYSTEM32;C:\Windows\WinSxS\amd64_microsoft.windows.common-controls_6595b64144ccf1df_6.0.19041.1110_none_60b5254171f9507e;C:\Users\L10030BLR\.p2\pool\plugins\org.eclipse.justj.openjdk.hotspot.jre.full.win32.x86_64_15.0.2.v20210201-0955\jre\bin\server

VM Arguments:
jvm_args: -ea -Dfile.encoding=Cp1252 -XX:+ShowCodeDetailsInExceptionMessages 
java_command: org.testng.remote.RemoteTestNG -serport 52680 -protocol json -d D:\Riyaz\AWB\qspiderLtu\QspidersLTU\test-output C:\Users\L10030~1\AppData\Local\Temp\testng-eclipse--158888577\testng-customsuite.xml
java_class_path (initial): D:\Riyaz\Other Info\eclipse\configuration\org.eclipse.osgi\444\0\.cp\lib\testng-remote.jar;D:\Riyaz\AWB\qspiderLtu\QspidersLTU\target\test-classes;D:\Riyaz\AWB\qspiderLtu\QspidersLTU\target\classes;C:\Users\L10030BLR\.p2\pool\plugins\org.testng_7.3.0.r202008060316.jar;C:\Users\L10030BLR\.p2\pool\plugins\com.beust.jcommander_1.78.0.jar;C:\Users\L10030BLR\.p2\pool\plugins\org.apache-extras.beanshell.bsh_2.0.0.b6.jar;C:\Users\L10030BLR\.p2\pool\plugins\org.yaml.snakeyaml_1.21.0.jar;C:\Users\L10030BLR\.m2\repository\org\seleniumhq\selenium\selenium-java\3.141.59\selenium-java-3.141.59.jar;C:\Users\L10030BLR\.m2\repository\org\seleniumhq\selenium\selenium-api\3.141.59\selenium-api-3.141.59.jar;C:\Users\L10030BLR\.m2\repository\org\seleniumhq\selenium\selenium-chrome-driver\3.141.59\selenium-chrome-driver-3.141.59.jar;C:\Users\L10030BLR\.m2\repository\org\seleniumhq\selenium\selenium-edge-driver\3.141.59\selenium-edge-driver-3.141.59.jar;C:\Users\L10030BLR\.m2\repository\org\seleniumhq\selenium\selenium-firefox-driver\3.141.59\selenium-firefox-driver-3.141.59.jar;C:\Users\L10030BLR\.m2\repository\org\seleniumhq\selenium\selenium-ie-driver\3.141.59\selenium-ie-driver-3.141.59.jar;C:\Users\L10030BLR\.m2\repository\org\seleniumhq\selenium\selenium-opera-driver\3.141.59\selenium-opera-driver-3.141.59.jar;C:\Users\L10030BLR\.m2\repository\org\seleniumhq\selenium\selenium-remote-driver\3.141.59\selenium-remote-driver-3.141.59.jar;C:\Users\L10030BLR\.m2\repository\org\seleniumhq\selenium\selenium-safari-driver\3.141.59\selenium-safari-driver-3.141.59.jar;C:\Users\L10030BLR\.m2\repository\org\seleniumhq\selenium\selenium-support\3.141.59\selenium-support-3.141.59.jar;C:\Users\L10030BLR\.m2\repository\net\bytebuddy\byte-buddy\1.8.15\byte-buddy-1.8.15.jar;C:\Users\L10030BLR\.m2\repository\org\apache\commons\commons-exec\1.3\commons-exec-1.3.jar;C:\Users\L10030BLR\.m2\repository\com\google\guava\guava\25.0-jre\guava-25.0-jre.jar;C:\Users\L10030BLR\.m2\re
Launcher Type: SUN_STANDARD

[Global flags]
     intx CICompilerCount                          = 3                                         {product} {ergonomic}
     uint ConcGCThreads                            = 1                                         {product} {ergonomic}
     uint G1ConcRefinementThreads                  = 4                                         {product} {ergonomic}
   size_t G1HeapRegionSize                         = 1048576                                   {product} {ergonomic}
    uintx GCDrainStackTargetSize                   = 64                                        {product} {ergonomic}
   size_t InitialHeapSize                          = 125829120                                 {product} {ergonomic}
   size_t MarkStackSize                            = 4194304                                   {product} {ergonomic}
   size_t MaxHeapSize                              = 1996488704                                {product} {ergonomic}
   size_t MinHeapDeltaBytes                        = 1048576                                   {product} {ergonomic}
   size_t MinHeapSize                              = 8388608                                   {product} {ergonomic}
    uintx NonNMethodCodeHeapSize                   = 5832780                                {pd product} {ergonomic}
    uintx NonProfiledCodeHeapSize                  = 122912730                              {pd product} {ergonomic}
    uintx ProfiledCodeHeapSize                     = 122912730                              {pd product} {ergonomic}
    uintx ReservedCodeCacheSize                    = 251658240                              {pd product} {ergonomic}
     bool SegmentedCodeCache                       = true                                      {product} {ergonomic}
     bool ShowCodeDetailsInExceptionMessages       = true                                   {manageable} {command line}
   size_t SoftMaxHeapSize                          = 1996488704                             {manageable} {ergonomic}
     bool UseCompressedClassPointers               = true                                 {lp64_product} {ergonomic}
     bool UseCompressedOops                        = true                                 {lp64_product} {ergonomic}
     bool UseG1GC                                  = true                                      {product} {ergonomic}
     bool UseLargePagesIndividualAllocation        = false                                  {pd product} {ergonomic}

Logging:
Log output configuration:
 #0: stdout all=warning uptime,level,tags
 #1: stderr all=off uptime,level,tags

Environment Variables:
PATH=C:/Users/L10030BLR/.p2/pool/plugins/org.eclipse.justj.openjdk.hotspot.jre.full.win32.x86_64_15.0.2.v20210201-0955/jre/bin/server;C:/Users/L10030BLR/.p2/pool/plugins/org.eclipse.justj.openjdk.hotspot.jre.full.win32.x86_64_15.0.2.v20210201-0955/jre/bin;C:\Windows\system32;C:\Windows;C:\Windows\System32\Wbem;C:\Windows\System32\WindowsPowerShell\v1.0\;C:\Windows\System32\OpenSSH\;C:\Users\L10030BLR\AppData\Local\Microsoft\WindowsApps;C:\Users\L10030BLR\AppData\Local\GitHubDesktop\bin;C:\Users\L10030BLR\Desktop;
USERNAME=Riyaz
OS=Windows_NT
PROCESSOR_IDENTIFIER=Intel64 Family 6 Model 69 Stepping 1, GenuineIntel



---------------  S Y S T E M  ---------------

OS:
 Windows 10 , 64 bit Build 19041 (10.0.19041.1023)
OS uptime: 7 days 13:01 hours

CPU: total 4 (initial active 4) (2 cores per cpu, 2 threads per core) family 6 model 69 stepping 1 microcode 0x26, cmov, cx8, fxsr, mmx, sse, sse2, sse3, ssse3, sse4.1, sse4.2, popcnt, vzeroupper, avx, avx2, aes, clmul, erms, lzcnt, ht, tsc, tscinvbit, bmi1, bmi2, fma, clflush

Memory: 4k page, system-wide physical 7609M (464M free)
TotalPageFile size 20339M (AvailPageFile size 106M)
current process WorkingSet (physical memory assigned to process): 10M, peak: 10M
current process commit charge ("private bytes"): 52M, peak: 172M

vm_info: OpenJDK 64-Bit Server VM (15.0.2+7-27) for windows-amd64 JRE (15.0.2+7-27), built on Dec  7 2020 20:02:38 by "mach5one" with unknown MS VC++:1925

END.
