#
# There is insufficient memory for the Java Runtime Environment to continue.
# Native memory allocation (malloc) failed to allocate 2311216 bytes for Chunk::new
# Possible reasons:
#   The system is out of physical RAM or swap space
#   The process is running with CompressedOops enabled, and the Java Heap may be blocking the growth of the native heap
# Possible solutions:
#   Reduce memory load on the system
#   Increase physical memory or swap space
#   Check if swap backing store is full
#   Decrease Java heap size (-Xmx/-Xms)
#   Decrease number of Java threads
#   Decrease Java thread stack sizes (-Xss)
#   Set larger code cache with -XX:ReservedCodeCacheSize=
#   JVM is running with Unscaled Compressed Oops mode in which the Java heap is
#     placed in the first 4GB address space. The Java Heap base address is the
#     maximum limit for the native heap growth. Please use -XX:HeapBaseMinAddress
#     to set the Java Heap base and to place the Java Heap above 4GB virtual address.
# This output file may be truncated or incomplete.
#
#  Out of Memory Error (./open/src/hotspot/share/memory/arena.cpp:195), pid=19164, tid=28624
#
# JRE version: OpenJDK Runtime Environment (15.0.2+7) (build 15.0.2+7-27)
# Java VM: OpenJDK 64-Bit Server VM (15.0.2+7-27, mixed mode, tiered, compressed oops, g1 gc, windows-amd64)
# No core dump will be written. Minidumps are not enabled by default on client versions of Windows
#

---------------  S U M M A R Y ------------

Command Line: -ea -Dfile.encoding=Cp1252 -XX:+ShowCodeDetailsInExceptionMessages org.testng.remote.RemoteTestNG -serport 63818 -protocol json -d D:\Riyaz\AWB\qspiderLtu\QspidersLTU\test-output C:\Users\L10030~1\AppData\Local\Temp\testng-eclipse--167249596\testng-customsuite.xml

Host: Intel(R) Core(TM) i7-4600U CPU @ 2.10GHz, 4 cores, 7G,  Windows 10 , 64 bit Build 19041 (10.0.19041.1023)
Time: Fri Jul 30 06:56:06 2021 India Standard Time elapsed time: 9.236638 seconds (0d 0h 0m 9s)

---------------  T H R E A D  ---------------

Current thread (0x000002559d087960):  JavaThread "C2 CompilerThread0" daemon [_thread_in_native, id=28624, stack(0x000000efe9300000,0x000000efe9400000)]


Current CompileTask:
C2:   9236 1193  s!   4       jdk.internal.loader.URLClassPath::getLoader (194 bytes)

Stack: [0x000000efe9300000,0x000000efe9400000]
Native frames: (J=compiled Java code, j=interpreted, Vv=VM code, C=native code)
V  [jvm.dll+0x62ae9a]
V  [jvm.dll+0x7817a9]
V  [jvm.dll+0x782f03]
V  [jvm.dll+0x783563]
V  [jvm.dll+0x216325]
V  [jvm.dll+0x97f3a]
V  [jvm.dll+0x9861c]
V  [jvm.dll+0x32e2a8]
V  [jvm.dll+0x2f768a]
V  [jvm.dll+0x2f6a4a]
V  [jvm.dll+0x1ea705]
V  [jvm.dll+0x1e996e]
V  [jvm.dll+0x178567]
V  [jvm.dll+0x1f9225]
V  [jvm.dll+0x1f72cc]
V  [jvm.dll+0x74495d]
V  [jvm.dll+0x73d75a]
V  [jvm.dll+0x629c56]
C  [ucrtbase.dll+0x21bb2]
C  [KERNEL32.DLL+0x17034]
C  [ntdll.dll+0x52651]


---------------  P R O C E S S  ---------------

Threads class SMR info:
_java_thread_list=0x000002559d5dd2b0, length=12, elements={
0x00000255811dbfb0, 0x000002559d065010, 0x000002559d0658d0, 0x000002559d085a10,
0x000002559d0862d0, 0x000002559d086c80, 0x000002559d087960, 0x000002559d0ffac0,
0x000002559d119fb0, 0x000002559d233500, 0x000002559d233ce0, 0x000002559d9a3520
}

Java Threads: ( => current thread )
  0x00000255811dbfb0 JavaThread "main" [_thread_in_Java, id=20176, stack(0x000000efe8700000,0x000000efe8800000)]
  0x000002559d065010 JavaThread "Reference Handler" daemon [_thread_blocked, id=9928, stack(0x000000efe8e00000,0x000000efe8f00000)]
  0x000002559d0658d0 JavaThread "Finalizer" daemon [_thread_blocked, id=25924, stack(0x000000efe8f00000,0x000000efe9000000)]
  0x000002559d085a10 JavaThread "Signal Dispatcher" daemon [_thread_blocked, id=27764, stack(0x000000efe9000000,0x000000efe9100000)]
  0x000002559d0862d0 JavaThread "Attach Listener" daemon [_thread_blocked, id=12472, stack(0x000000efe9100000,0x000000efe9200000)]
  0x000002559d086c80 JavaThread "Service Thread" daemon [_thread_blocked, id=9716, stack(0x000000efe9200000,0x000000efe9300000)]
=>0x000002559d087960 JavaThread "C2 CompilerThread0" daemon [_thread_in_native, id=28624, stack(0x000000efe9300000,0x000000efe9400000)]
  0x000002559d0ffac0 JavaThread "C1 CompilerThread0" daemon [_thread_blocked, id=4764, stack(0x000000efe9400000,0x000000efe9500000)]
  0x000002559d119fb0 JavaThread "Sweeper thread" daemon [_thread_blocked, id=19948, stack(0x000000efe9500000,0x000000efe9600000)]
  0x000002559d233500 JavaThread "Notification Thread" daemon [_thread_blocked, id=27008, stack(0x000000efe9600000,0x000000efe9700000)]
  0x000002559d233ce0 JavaThread "Common-Cleaner" daemon [_thread_blocked, id=11712, stack(0x000000efe9800000,0x000000efe9900000)]
  0x000002559d9a3520 JavaThread "ReaderThread" [_thread_in_native, id=18072, stack(0x000000efe9b00000,0x000000efe9c00000)]

Other Threads:
  0x000002559d02a0d0 VMThread "VM Thread" [stack: 0x000000efe8d00000,0x000000efe8e00000] [id=10392]
  0x000002559d2339d0 WatcherThread [stack: 0x000000efe9700000,0x000000efe9800000] [id=16160]
  0x000002558326d080 GCTaskThread "GC Thread#0" [stack: 0x000000efe8800000,0x000000efe8900000] [id=26596]
  0x000002559d20cef0 GCTaskThread "GC Thread#1" [stack: 0x000000efe9900000,0x000000efe9a00000] [id=10648]
  0x000002559d20d550 GCTaskThread "GC Thread#2" [stack: 0x000000efe9c00000,0x000000efe9d00000] [id=22796]
  0x000002559d20dbb0 GCTaskThread "GC Thread#3" [stack: 0x000000efe9d00000,0x000000efe9e00000] [id=20256]
  0x000002558327cfd0 ConcurrentGCThread "G1 Main Marker" [stack: 0x000000efe8900000,0x000000efe8a00000] [id=14904]
  0x000002558327e730 ConcurrentGCThread "G1 Conc#0" [stack: 0x000000efe8a00000,0x000000efe8b00000] [id=15916]
  0x00000255832dec10 ConcurrentGCThread "G1 Refine#0" [stack: 0x000000efe8b00000,0x000000efe8c00000] [id=25588]
  0x000002559c64f6e0 ConcurrentGCThread "G1 Young RemSet Sampling" [stack: 0x000000efe8c00000,0x000000efe8d00000] [id=19544]

Threads with active compile tasks:
C2 CompilerThread0     9470 1193  s!   4       jdk.internal.loader.URLClassPath::getLoader (194 bytes)

VM state: not at safepoint (normal execution)

VM Mutex/Monitor currently owned by a thread: None

Heap address: 0x0000000089000000, size: 1904 MB, Compressed Oops mode: 32-bit
CDS disabled.
Compressed class space mapped at: 0x0000000100000000-0x0000000140000000, size: 1073741824
Narrow klass base: 0x0000000000000000, Narrow klass shift: 3, Narrow klass range: 0x140000000

GC Precious Log:
 CPUs: 4 total, 4 available
 Memory: 7609M
 Large Page Support: Disabled
 NUMA Support: Disabled
 Compressed Oops: Enabled (32-bit)
 Heap Region Size: 1M
 Heap Min Capacity: 8M
 Heap Initial Capacity: 120M
 Heap Max Capacity: 1904M
 Pre-touch: Disabled
 Parallel Workers: 4
 Concurrent Workers: 1
 Concurrent Refinement Workers: 4
 Periodic GC: Disabled

Heap:
 garbage-first heap   total 122880K, used 17474K [0x0000000089000000, 0x0000000100000000)
  region size 1024K, 12 young (12288K), 2 survivors (2048K)
 Metaspace       used 18552K, capacity 18791K, committed 18944K, reserved 1067008K
  class space    used 1841K, capacity 1927K, committed 2048K, reserved 1048576K

Heap Regions: E=young(eden), S=young(survivor), O=old, HS=humongous(starts), HC=humongous(continues), CS=collection set, F=free, OA=open archive, CA=closed archive, TAMS=top-at-mark-start (previous, next)
|   0|0x0000000089000000, 0x0000000089100000, 0x0000000089100000|100%|HS|  |TAMS 0x0000000089000000, 0x0000000089000000| Complete 
|   1|0x0000000089100000, 0x0000000089200000, 0x0000000089200000|100%| O|  |TAMS 0x0000000089100000, 0x0000000089100000| Untracked 
|   2|0x0000000089200000, 0x0000000089300000, 0x0000000089300000|100%| O|  |TAMS 0x0000000089200000, 0x0000000089200000| Untracked 
|   3|0x0000000089300000, 0x0000000089400000, 0x0000000089400000|100%| O|  |TAMS 0x0000000089300000, 0x0000000089300000| Untracked 
|   4|0x0000000089400000, 0x0000000089500000, 0x0000000089500000|100%| O|  |TAMS 0x0000000089400000, 0x0000000089400000| Untracked 
|   5|0x0000000089500000, 0x0000000089600000, 0x0000000089600000|100%| O|  |TAMS 0x0000000089500000, 0x0000000089500000| Untracked 
|   6|0x0000000089600000, 0x0000000089621200, 0x0000000089700000| 12%| O|  |TAMS 0x0000000089600000, 0x0000000089600000| Untracked 
|   7|0x0000000089700000, 0x0000000089700000, 0x0000000089800000|  0%| F|  |TAMS 0x0000000089700000, 0x0000000089700000| Untracked 
|   8|0x0000000089800000, 0x0000000089800000, 0x0000000089900000|  0%| F|  |TAMS 0x0000000089800000, 0x0000000089800000| Untracked 
|   9|0x0000000089900000, 0x0000000089900000, 0x0000000089a00000|  0%| F|  |TAMS 0x0000000089900000, 0x0000000089900000| Untracked 
|  10|0x0000000089a00000, 0x0000000089a00000, 0x0000000089b00000|  0%| F|  |TAMS 0x0000000089a00000, 0x0000000089a00000| Untracked 
|  11|0x0000000089b00000, 0x0000000089b00000, 0x0000000089c00000|  0%| F|  |TAMS 0x0000000089b00000, 0x0000000089b00000| Untracked 
|  12|0x0000000089c00000, 0x0000000089c00000, 0x0000000089d00000|  0%| F|  |TAMS 0x0000000089c00000, 0x0000000089c00000| Untracked 
|  13|0x0000000089d00000, 0x0000000089d00000, 0x0000000089e00000|  0%| F|  |TAMS 0x0000000089d00000, 0x0000000089d00000| Untracked 
|  14|0x0000000089e00000, 0x0000000089e00000, 0x0000000089f00000|  0%| F|  |TAMS 0x0000000089e00000, 0x0000000089e00000| Untracked 
|  15|0x0000000089f00000, 0x0000000089f00000, 0x000000008a000000|  0%| F|  |TAMS 0x0000000089f00000, 0x0000000089f00000| Untracked 
|  16|0x000000008a000000, 0x000000008a000000, 0x000000008a100000|  0%| F|  |TAMS 0x000000008a000000, 0x000000008a000000| Untracked 
|  17|0x000000008a100000, 0x000000008a100000, 0x000000008a200000|  0%| F|  |TAMS 0x000000008a100000, 0x000000008a100000| Untracked 
|  18|0x000000008a200000, 0x000000008a200000, 0x000000008a300000|  0%| F|  |TAMS 0x000000008a200000, 0x000000008a200000| Untracked 
|  19|0x000000008a300000, 0x000000008a300000, 0x000000008a400000|  0%| F|  |TAMS 0x000000008a300000, 0x000000008a300000| Untracked 
|  20|0x000000008a400000, 0x000000008a400000, 0x000000008a500000|  0%| F|  |TAMS 0x000000008a400000, 0x000000008a400000| Untracked 
|  21|0x000000008a500000, 0x000000008a500000, 0x000000008a600000|  0%| F|  |TAMS 0x000000008a500000, 0x000000008a500000| Untracked 
|  22|0x000000008a600000, 0x000000008a600000, 0x000000008a700000|  0%| F|  |TAMS 0x000000008a600000, 0x000000008a600000| Untracked 
|  23|0x000000008a700000, 0x000000008a700000, 0x000000008a800000|  0%| F|  |TAMS 0x000000008a700000, 0x000000008a700000| Untracked 
|  24|0x000000008a800000, 0x000000008a800000, 0x000000008a900000|  0%| F|  |TAMS 0x000000008a800000, 0x000000008a800000| Untracked 
|  25|0x000000008a900000, 0x000000008a900000, 0x000000008aa00000|  0%| F|  |TAMS 0x000000008a900000, 0x000000008a900000| Untracked 
|  26|0x000000008aa00000, 0x000000008aa00000, 0x000000008ab00000|  0%| F|  |TAMS 0x000000008aa00000, 0x000000008aa00000| Untracked 
|  27|0x000000008ab00000, 0x000000008ab00000, 0x000000008ac00000|  0%| F|  |TAMS 0x000000008ab00000, 0x000000008ab00000| Untracked 
|  28|0x000000008ac00000, 0x000000008ac00000, 0x000000008ad00000|  0%| F|  |TAMS 0x000000008ac00000, 0x000000008ac00000| Untracked 
|  29|0x000000008ad00000, 0x000000008ad00000, 0x000000008ae00000|  0%| F|  |TAMS 0x000000008ad00000, 0x000000008ad00000| Untracked 
|  30|0x000000008ae00000, 0x000000008ae00000, 0x000000008af00000|  0%| F|  |TAMS 0x000000008ae00000, 0x000000008ae00000| Untracked 
|  31|0x000000008af00000, 0x000000008af00000, 0x000000008b000000|  0%| F|  |TAMS 0x000000008af00000, 0x000000008af00000| Untracked 
|  32|0x000000008b000000, 0x000000008b000000, 0x000000008b100000|  0%| F|  |TAMS 0x000000008b000000, 0x000000008b000000| Untracked 
|  33|0x000000008b100000, 0x000000008b100000, 0x000000008b200000|  0%| F|  |TAMS 0x000000008b100000, 0x000000008b100000| Untracked 
|  34|0x000000008b200000, 0x000000008b200000, 0x000000008b300000|  0%| F|  |TAMS 0x000000008b200000, 0x000000008b200000| Untracked 
|  35|0x000000008b300000, 0x000000008b300000, 0x000000008b400000|  0%| F|  |TAMS 0x000000008b300000, 0x000000008b300000| Untracked 
|  36|0x000000008b400000, 0x000000008b400000, 0x000000008b500000|  0%| F|  |TAMS 0x000000008b400000, 0x000000008b400000| Untracked 
|  37|0x000000008b500000, 0x000000008b500000, 0x000000008b600000|  0%| F|  |TAMS 0x000000008b500000, 0x000000008b500000| Untracked 
|  38|0x000000008b600000, 0x000000008b600000, 0x000000008b700000|  0%| F|  |TAMS 0x000000008b600000, 0x000000008b600000| Untracked 
|  39|0x000000008b700000, 0x000000008b700000, 0x000000008b800000|  0%| F|  |TAMS 0x000000008b700000, 0x000000008b700000| Untracked 
|  40|0x000000008b800000, 0x000000008b800000, 0x000000008b900000|  0%| F|  |TAMS 0x000000008b800000, 0x000000008b800000| Untracked 
|  41|0x000000008b900000, 0x000000008b900000, 0x000000008ba00000|  0%| F|  |TAMS 0x000000008b900000, 0x000000008b900000| Untracked 
|  42|0x000000008ba00000, 0x000000008ba00000, 0x000000008bb00000|  0%| F|  |TAMS 0x000000008ba00000, 0x000000008ba00000| Untracked 
|  43|0x000000008bb00000, 0x000000008bb00000, 0x000000008bc00000|  0%| F|  |TAMS 0x000000008bb00000, 0x000000008bb00000| Untracked 
|  44|0x000000008bc00000, 0x000000008bc00000, 0x000000008bd00000|  0%| F|  |TAMS 0x000000008bc00000, 0x000000008bc00000| Untracked 
|  45|0x000000008bd00000, 0x000000008bd00000, 0x000000008be00000|  0%| F|  |TAMS 0x000000008bd00000, 0x000000008bd00000| Untracked 
|  46|0x000000008be00000, 0x000000008be00000, 0x000000008bf00000|  0%| F|  |TAMS 0x000000008be00000, 0x000000008be00000| Untracked 
|  47|0x000000008bf00000, 0x000000008bf00000, 0x000000008c000000|  0%| F|  |TAMS 0x000000008bf00000, 0x000000008bf00000| Untracked 
|  48|0x000000008c000000, 0x000000008c000000, 0x000000008c100000|  0%| F|  |TAMS 0x000000008c000000, 0x000000008c000000| Untracked 
|  49|0x000000008c100000, 0x000000008c100000, 0x000000008c200000|  0%| F|  |TAMS 0x000000008c100000, 0x000000008c100000| Untracked 
|  50|0x000000008c200000, 0x000000008c200000, 0x000000008c300000|  0%| F|  |TAMS 0x000000008c200000, 0x000000008c200000| Untracked 
|  51|0x000000008c300000, 0x000000008c300000, 0x000000008c400000|  0%| F|  |TAMS 0x000000008c300000, 0x000000008c300000| Untracked 
|  52|0x000000008c400000, 0x000000008c400000, 0x000000008c500000|  0%| F|  |TAMS 0x000000008c400000, 0x000000008c400000| Untracked 
|  53|0x000000008c500000, 0x000000008c500000, 0x000000008c600000|  0%| F|  |TAMS 0x000000008c500000, 0x000000008c500000| Untracked 
|  54|0x000000008c600000, 0x000000008c600000, 0x000000008c700000|  0%| F|  |TAMS 0x000000008c600000, 0x000000008c600000| Untracked 
|  55|0x000000008c700000, 0x000000008c700000, 0x000000008c800000|  0%| F|  |TAMS 0x000000008c700000, 0x000000008c700000| Untracked 
|  56|0x000000008c800000, 0x000000008c800000, 0x000000008c900000|  0%| F|  |TAMS 0x000000008c800000, 0x000000008c800000| Untracked 
|  57|0x000000008c900000, 0x000000008c900000, 0x000000008ca00000|  0%| F|  |TAMS 0x000000008c900000, 0x000000008c900000| Untracked 
|  58|0x000000008ca00000, 0x000000008ca00000, 0x000000008cb00000|  0%| F|  |TAMS 0x000000008ca00000, 0x000000008ca00000| Untracked 
|  59|0x000000008cb00000, 0x000000008cb00000, 0x000000008cc00000|  0%| F|  |TAMS 0x000000008cb00000, 0x000000008cb00000| Untracked 
|  60|0x000000008cc00000, 0x000000008cc00000, 0x000000008cd00000|  0%| F|  |TAMS 0x000000008cc00000, 0x000000008cc00000| Untracked 
|  61|0x000000008cd00000, 0x000000008cd00000, 0x000000008ce00000|  0%| F|  |TAMS 0x000000008cd00000, 0x000000008cd00000| Untracked 
|  62|0x000000008ce00000, 0x000000008ce00000, 0x000000008cf00000|  0%| F|  |TAMS 0x000000008ce00000, 0x000000008ce00000| Untracked 
|  63|0x000000008cf00000, 0x000000008cf00000, 0x000000008d000000|  0%| F|  |TAMS 0x000000008cf00000, 0x000000008cf00000| Untracked 
|  64|0x000000008d000000, 0x000000008d000000, 0x000000008d100000|  0%| F|  |TAMS 0x000000008d000000, 0x000000008d000000| Untracked 
|  65|0x000000008d100000, 0x000000008d100000, 0x000000008d200000|  0%| F|  |TAMS 0x000000008d100000, 0x000000008d100000| Untracked 
|  66|0x000000008d200000, 0x000000008d200000, 0x000000008d300000|  0%| F|  |TAMS 0x000000008d200000, 0x000000008d200000| Untracked 
|  67|0x000000008d300000, 0x000000008d300000, 0x000000008d400000|  0%| F|  |TAMS 0x000000008d300000, 0x000000008d300000| Untracked 
|  68|0x000000008d400000, 0x000000008d400000, 0x000000008d500000|  0%| F|  |TAMS 0x000000008d400000, 0x000000008d400000| Untracked 
|  69|0x000000008d500000, 0x000000008d500000, 0x000000008d600000|  0%| F|  |TAMS 0x000000008d500000, 0x000000008d500000| Untracked 
|  70|0x000000008d600000, 0x000000008d600000, 0x000000008d700000|  0%| F|  |TAMS 0x000000008d600000, 0x000000008d600000| Untracked 
|  71|0x000000008d700000, 0x000000008d700000, 0x000000008d800000|  0%| F|  |TAMS 0x000000008d700000, 0x000000008d700000| Untracked 
|  72|0x000000008d800000, 0x000000008d800000, 0x000000008d900000|  0%| F|  |TAMS 0x000000008d800000, 0x000000008d800000| Untracked 
|  73|0x000000008d900000, 0x000000008d900000, 0x000000008da00000|  0%| F|  |TAMS 0x000000008d900000, 0x000000008d900000| Untracked 
|  74|0x000000008da00000, 0x000000008da00000, 0x000000008db00000|  0%| F|  |TAMS 0x000000008da00000, 0x000000008da00000| Untracked 
|  75|0x000000008db00000, 0x000000008db00000, 0x000000008dc00000|  0%| F|  |TAMS 0x000000008db00000, 0x000000008db00000| Untracked 
|  76|0x000000008dc00000, 0x000000008dc00000, 0x000000008dd00000|  0%| F|  |TAMS 0x000000008dc00000, 0x000000008dc00000| Untracked 
|  77|0x000000008dd00000, 0x000000008dd00000, 0x000000008de00000|  0%| F|  |TAMS 0x000000008dd00000, 0x000000008dd00000| Untracked 
|  78|0x000000008de00000, 0x000000008de00000, 0x000000008df00000|  0%| F|  |TAMS 0x000000008de00000, 0x000000008de00000| Untracked 
|  79|0x000000008df00000, 0x000000008df00000, 0x000000008e000000|  0%| F|  |TAMS 0x000000008df00000, 0x000000008df00000| Untracked 
|  80|0x000000008e000000, 0x000000008e000000, 0x000000008e100000|  0%| F|  |TAMS 0x000000008e000000, 0x000000008e000000| Untracked 
|  81|0x000000008e100000, 0x000000008e100000, 0x000000008e200000|  0%| F|  |TAMS 0x000000008e100000, 0x000000008e100000| Untracked 
|  82|0x000000008e200000, 0x000000008e200000, 0x000000008e300000|  0%| F|  |TAMS 0x000000008e200000, 0x000000008e200000| Untracked 
|  83|0x000000008e300000, 0x000000008e300000, 0x000000008e400000|  0%| F|  |TAMS 0x000000008e300000, 0x000000008e300000| Untracked 
|  84|0x000000008e400000, 0x000000008e400000, 0x000000008e500000|  0%| F|  |TAMS 0x000000008e400000, 0x000000008e400000| Untracked 
|  85|0x000000008e500000, 0x000000008e500000, 0x000000008e600000|  0%| F|  |TAMS 0x000000008e500000, 0x000000008e500000| Untracked 
|  86|0x000000008e600000, 0x000000008e600000, 0x000000008e700000|  0%| F|  |TAMS 0x000000008e600000, 0x000000008e600000| Untracked 
|  87|0x000000008e700000, 0x000000008e700000, 0x000000008e800000|  0%| F|  |TAMS 0x000000008e700000, 0x000000008e700000| Untracked 
|  88|0x000000008e800000, 0x000000008e800000, 0x000000008e900000|  0%| F|  |TAMS 0x000000008e800000, 0x000000008e800000| Untracked 
|  89|0x000000008e900000, 0x000000008e900000, 0x000000008ea00000|  0%| F|  |TAMS 0x000000008e900000, 0x000000008e900000| Untracked 
|  90|0x000000008ea00000, 0x000000008ea00000, 0x000000008eb00000|  0%| F|  |TAMS 0x000000008ea00000, 0x000000008ea00000| Untracked 
|  91|0x000000008eb00000, 0x000000008eb00000, 0x000000008ec00000|  0%| F|  |TAMS 0x000000008eb00000, 0x000000008eb00000| Untracked 
|  92|0x000000008ec00000, 0x000000008ec00000, 0x000000008ed00000|  0%| F|  |TAMS 0x000000008ec00000, 0x000000008ec00000| Untracked 
|  93|0x000000008ed00000, 0x000000008ed00000, 0x000000008ee00000|  0%| F|  |TAMS 0x000000008ed00000, 0x000000008ed00000| Untracked 
|  94|0x000000008ee00000, 0x000000008ee00000, 0x000000008ef00000|  0%| F|  |TAMS 0x000000008ee00000, 0x000000008ee00000| Untracked 
|  95|0x000000008ef00000, 0x000000008ef00000, 0x000000008f000000|  0%| F|  |TAMS 0x000000008ef00000, 0x000000008ef00000| Untracked 
|  96|0x000000008f000000, 0x000000008f000000, 0x000000008f100000|  0%| F|  |TAMS 0x000000008f000000, 0x000000008f000000| Untracked 
|  97|0x000000008f100000, 0x000000008f100000, 0x000000008f200000|  0%| F|  |TAMS 0x000000008f100000, 0x000000008f100000| Untracked 
|  98|0x000000008f200000, 0x000000008f200000, 0x000000008f300000|  0%| F|  |TAMS 0x000000008f200000, 0x000000008f200000| Untracked 
|  99|0x000000008f300000, 0x000000008f300000, 0x000000008f400000|  0%| F|  |TAMS 0x000000008f300000, 0x000000008f300000| Untracked 
| 100|0x000000008f400000, 0x000000008f400000, 0x000000008f500000|  0%| F|  |TAMS 0x000000008f400000, 0x000000008f400000| Untracked 
| 101|0x000000008f500000, 0x000000008f500000, 0x000000008f600000|  0%| F|  |TAMS 0x000000008f500000, 0x000000008f500000| Untracked 
| 102|0x000000008f600000, 0x000000008f600000, 0x000000008f700000|  0%| F|  |TAMS 0x000000008f600000, 0x000000008f600000| Untracked 
| 103|0x000000008f700000, 0x000000008f7ef6a8, 0x000000008f800000| 93%| S|CS|TAMS 0x000000008f700000, 0x000000008f700000| Complete 
| 104|0x000000008f800000, 0x000000008f900000, 0x000000008f900000|100%| S|CS|TAMS 0x000000008f800000, 0x000000008f800000| Complete 
| 105|0x000000008f900000, 0x000000008f900000, 0x000000008fa00000|  0%| F|  |TAMS 0x000000008f900000, 0x000000008f900000| Untracked 
| 106|0x000000008fa00000, 0x000000008fa00000, 0x000000008fb00000|  0%| F|  |TAMS 0x000000008fa00000, 0x000000008fa00000| Untracked 
| 107|0x000000008fb00000, 0x000000008fb00000, 0x000000008fc00000|  0%| F|  |TAMS 0x000000008fb00000, 0x000000008fb00000| Untracked 
| 108|0x000000008fc00000, 0x000000008fc00000, 0x000000008fd00000|  0%| F|  |TAMS 0x000000008fc00000, 0x000000008fc00000| Untracked 
| 109|0x000000008fd00000, 0x000000008fd00000, 0x000000008fe00000|  0%| F|  |TAMS 0x000000008fd00000, 0x000000008fd00000| Untracked 
| 110|0x000000008fe00000, 0x000000008fed0970, 0x000000008ff00000| 81%| E|  |TAMS 0x000000008fe00000, 0x000000008fe00000| Complete 
| 111|0x000000008ff00000, 0x0000000090000000, 0x0000000090000000|100%| E|CS|TAMS 0x000000008ff00000, 0x000000008ff00000| Complete 
| 112|0x0000000090000000, 0x0000000090100000, 0x0000000090100000|100%| E|CS|TAMS 0x0000000090000000, 0x0000000090000000| Complete 
| 113|0x0000000090100000, 0x0000000090200000, 0x0000000090200000|100%| E|CS|TAMS 0x0000000090100000, 0x0000000090100000| Complete 
| 114|0x0000000090200000, 0x0000000090300000, 0x0000000090300000|100%| E|CS|TAMS 0x0000000090200000, 0x0000000090200000| Complete 
| 115|0x0000000090300000, 0x0000000090400000, 0x0000000090400000|100%| E|CS|TAMS 0x0000000090300000, 0x0000000090300000| Complete 
| 116|0x0000000090400000, 0x0000000090500000, 0x0000000090500000|100%| E|CS|TAMS 0x0000000090400000, 0x0000000090400000| Complete 
| 117|0x0000000090500000, 0x0000000090600000, 0x0000000090600000|100%| E|CS|TAMS 0x0000000090500000, 0x0000000090500000| Complete 
| 118|0x0000000090600000, 0x0000000090700000, 0x0000000090700000|100%| E|CS|TAMS 0x0000000090600000, 0x0000000090600000| Complete 
| 119|0x0000000090700000, 0x0000000090800000, 0x0000000090800000|100%| E|CS|TAMS 0x0000000090700000, 0x0000000090700000| Complete 

Card table byte_map: [0x0000025595fe0000,0x00000255963a0000] _byte_map_base: 0x0000025595b98000

Marking Bits (Prev, Next): (CMBitMap*) 0x000002558326d870, (CMBitMap*) 0x000002558326d8b0
 Prev Bits: [0x0000025596760000, 0x0000025598520000)
 Next Bits: [0x0000025598520000, 0x000002559a2e0000)

Polling page: 0x0000025581060000

Metaspace:

Usage:
  Non-class:     16.47 MB capacity,    16.32 MB (>99%) used,   131.48 KB ( <1%) free+waste,    19.31 KB ( <1%) overhead. 
      Class:      1.88 MB capacity,     1.80 MB ( 96%) used,    78.13 KB (  4%) free+waste,     6.69 KB ( <1%) overhead. 
       Both:     18.35 MB capacity,    18.12 MB ( 99%) used,   209.62 KB (  1%) free+waste,    26.00 KB ( <1%) overhead. 

Virtual space:
  Non-class space:       18.00 MB reserved,      16.50 MB ( 92%) committed 
      Class space:        1.00 GB reserved,       2.00 MB ( <1%) committed 
             Both:        1.02 GB reserved,      18.50 MB (  2%) committed 

Chunk freelists:
   Non-Class:  30.00 KB
       Class:  24.00 KB
        Both:  54.00 KB

MaxMetaspaceSize: 17179869184.00 GB
CompressedClassSpaceSize: 1.00 GB

CodeHeap 'non-profiled nmethods': size=120000Kb used=381Kb max_used=381Kb free=119618Kb
 bounds [0x000002558e6f0000, 0x000002558e960000, 0x0000025595c20000]
CodeHeap 'profiled nmethods': size=120000Kb used=2626Kb max_used=2626Kb free=117373Kb
 bounds [0x00000255871c0000, 0x0000025587460000, 0x000002558e6f0000]
CodeHeap 'non-nmethods': size=5760Kb used=1196Kb max_used=1201Kb free=4563Kb
 bounds [0x0000025586c20000, 0x0000025586e90000, 0x00000255871c0000]
 total_blobs=1888 nmethods=1427 adapters=374
 compilation: enabled
              stopped_count=0, restarted_count=0
 full_count=0

Compilation events (20 events):
Event: 9.225 Thread 0x000002559d0ffac0 nmethod 1342 0x0000025587428910 code [0x0000025587428b00, 0x0000025587428f38]
Event: 9.225 Thread 0x000002559d0ffac0 1344       3       java.lang.Class::getConstructor0 (83 bytes)
Event: 9.226 Thread 0x000002559d0ffac0 nmethod 1344 0x0000025587429110 code [0x0000025587429380, 0x0000025587429dd8]
Event: 9.226 Thread 0x000002559d0ffac0 1346       3       java.lang.reflect.Constructor::newInstanceWithCaller (75 bytes)
Event: 9.227 Thread 0x000002559d0ffac0 nmethod 1346 0x000002558742a290 code [0x000002558742a480, 0x000002558742a888]
Event: 9.227 Thread 0x000002559d0ffac0 1347       3       jdk.internal.util.ArraysSupport::mismatch (73 bytes)
Event: 9.227 Thread 0x000002559d0ffac0 nmethod 1347 0x000002558742aa10 code [0x000002558742abe0, 0x000002558742afb8]
Event: 9.227 Thread 0x000002559d0ffac0 1348       3       sun.security.x509.RDN::<init> (85 bytes)
Event: 9.228 Thread 0x000002559d0ffac0 nmethod 1348 0x000002558742b190 code [0x000002558742b420, 0x000002558742c1e8]
Event: 9.228 Thread 0x000002559d0ffac0 1349       3       sun.security.util.DerInputStream::getSet (37 bytes)
Event: 9.228 Thread 0x000002559d0ffac0 nmethod 1349 0x000002558742c710 code [0x000002558742c8e0, 0x000002558742cbc8]
Event: 9.228 Thread 0x000002559d0ffac0 1350       3       sun.security.x509.AVA::<init> (91 bytes)
Event: 9.230 Thread 0x000002559d0ffac0 nmethod 1350 0x000002558742cd10 code [0x000002558742cfe0, 0x000002558742df08]
Event: 9.230 Thread 0x000002559d0ffac0 1352       3       java.lang.reflect.ReflectAccess::copyConstructor (5 bytes)
Event: 9.230 Thread 0x000002559d0ffac0 nmethod 1352 0x000002558742e490 code [0x000002558742e640, 0x000002558742e768]
Event: 9.230 Thread 0x000002559d0ffac0 1353       3       java.lang.reflect.Constructor::copy (72 bytes)
Event: 9.230 Thread 0x000002559d0ffac0 nmethod 1353 0x000002558742e810 code [0x000002558742e9e0, 0x000002558742ed78]
Event: 9.230 Thread 0x000002559d0ffac0 1351       3       jdk.internal.reflect.ReflectionFactory::copyConstructor (11 bytes)
Event: 9.230 Thread 0x000002559d0ffac0 nmethod 1351 0x000002558742ee90 code [0x000002558742f040, 0x000002558742f228]
Event: 9.230 Thread 0x000002559d0ffac0 1345       3       java.lang.reflect.AccessibleObject::checkAccess (40 bytes)

GC Heap History (4 events):
Event: 6.150 GC heap before
{Heap before GC invocations=0 (full 0):
 garbage-first heap   total 122880K, used 14336K [0x0000000089000000, 0x0000000100000000)
  region size 1024K, 13 young (13312K), 0 survivors (0K)
 Metaspace       used 7492K, capacity 7606K, committed 7936K, reserved 1056768K
  class space    used 629K, capacity 660K, committed 768K, reserved 1048576K
}
Event: 6.261 GC heap after
{Heap after GC invocations=1 (full 0):
 garbage-first heap   total 122880K, used 6278K [0x0000000089000000, 0x0000000100000000)
  region size 1024K, 2 young (2048K), 2 survivors (2048K)
 Metaspace       used 7492K, capacity 7606K, committed 7936K, reserved 1056768K
  class space    used 629K, capacity 660K, committed 768K, reserved 1048576K
}
Event: 8.491 GC heap before
{Heap before GC invocations=1 (full 0):
 garbage-first heap   total 122880K, used 19590K [0x0000000089000000, 0x0000000100000000)
  region size 1024K, 15 young (15360K), 2 survivors (2048K)
 Metaspace       used 15146K, capacity 15329K, committed 15616K, reserved 1062912K
  class space    used 1458K, capacity 1502K, committed 1536K, reserved 1048576K
}
Event: 8.500 GC heap after
{Heap after GC invocations=2 (full 0):
 garbage-first heap   total 122880K, used 8258K [0x0000000089000000, 0x0000000100000000)
  region size 1024K, 2 young (2048K), 2 survivors (2048K)
 Metaspace       used 15146K, capacity 15329K, committed 15616K, reserved 1062912K
  class space    used 1458K, capacity 1502K, committed 1536K, reserved 1048576K
}

Deoptimization events (20 events):
Event: 7.431 Thread 0x00000255811dbfb0 DEOPT PACKING pc=0x00000255871eb27b sp=0x000000efe87fcf20
Event: 7.431 Thread 0x00000255811dbfb0 DEOPT UNPACKING pc=0x0000025586c6e23f sp=0x000000efe87fc390 mode 0
Event: 8.126 Thread 0x00000255811dbfb0 Uncommon trap: trap_request=0xffffffde fr.pc=0x000002558e73b17c relative=0x000000000000135c
Event: 8.127 Thread 0x00000255811dbfb0 Uncommon trap: reason=class_check action=maybe_recompile pc=0x000002558e73b17c method=java.util.HashMap.putVal(ILjava/lang/Object;Ljava/lang/Object;ZZ)Ljava/lang/Object; @ 91 c2
Event: 8.127 Thread 0x00000255811dbfb0 DEOPT PACKING pc=0x000002558e73b17c sp=0x000000efe87fe240
Event: 8.127 Thread 0x00000255811dbfb0 DEOPT UNPACKING pc=0x0000025586c6e42f sp=0x000000efe87fe1f0 mode 2
Event: 8.127 Thread 0x00000255811dbfb0 Uncommon trap: trap_request=0xffffffde fr.pc=0x000002558e73b17c relative=0x000000000000135c
Event: 8.127 Thread 0x00000255811dbfb0 Uncommon trap: reason=class_check action=maybe_recompile pc=0x000002558e73b17c method=java.util.HashMap.putVal(ILjava/lang/Object;Ljava/lang/Object;ZZ)Ljava/lang/Object; @ 91 c2
Event: 8.127 Thread 0x00000255811dbfb0 DEOPT PACKING pc=0x000002558e73b17c sp=0x000000efe87fe240
Event: 8.127 Thread 0x00000255811dbfb0 DEOPT UNPACKING pc=0x0000025586c6e42f sp=0x000000efe87fe1f0 mode 2
Event: 8.127 Thread 0x00000255811dbfb0 Uncommon trap: trap_request=0xffffffde fr.pc=0x000002558e73b17c relative=0x000000000000135c
Event: 8.127 Thread 0x00000255811dbfb0 Uncommon trap: reason=class_check action=maybe_recompile pc=0x000002558e73b17c method=java.util.HashMap.putVal(ILjava/lang/Object;Ljava/lang/Object;ZZ)Ljava/lang/Object; @ 91 c2
Event: 8.127 Thread 0x00000255811dbfb0 DEOPT PACKING pc=0x000002558e73b17c sp=0x000000efe87fe250
Event: 8.127 Thread 0x00000255811dbfb0 DEOPT UNPACKING pc=0x0000025586c6e42f sp=0x000000efe87fe200 mode 2
Event: 8.127 Thread 0x00000255811dbfb0 Uncommon trap: trap_request=0xffffffde fr.pc=0x000002558e73b17c relative=0x000000000000135c
Event: 8.127 Thread 0x00000255811dbfb0 Uncommon trap: reason=class_check action=maybe_recompile pc=0x000002558e73b17c method=java.util.HashMap.putVal(ILjava/lang/Object;Ljava/lang/Object;ZZ)Ljava/lang/Object; @ 91 c2
Event: 8.127 Thread 0x00000255811dbfb0 DEOPT PACKING pc=0x000002558e73b17c sp=0x000000efe87fe250
Event: 8.127 Thread 0x00000255811dbfb0 DEOPT UNPACKING pc=0x0000025586c6e42f sp=0x000000efe87fe200 mode 2
Event: 8.788 Thread 0x00000255811dbfb0 DEOPT PACKING pc=0x00000255872a6064 sp=0x000000efe87fd260
Event: 8.788 Thread 0x00000255811dbfb0 DEOPT UNPACKING pc=0x0000025586c6e23f sp=0x000000efe87fc728 mode 0

Classes unloaded (0 events):
No events

Classes redefined (0 events):
No events

Internal exceptions (20 events):
Event: 7.208 Thread 0x00000255811dbfb0 Exception <a 'java/lang/NoSuchMethodError'{0x00000000905d8ef0}: 'void java.lang.invoke.DirectMethodHandle$Holder.invokeStatic(java.lang.Object, java.lang.Object)'> (0x00000000905d8ef0) 
thrown [./open/src/hotspot/share/interpreter/linkResolver.cpp, line 782]
Event: 7.344 Thread 0x00000255811dbfb0 Exception <a 'java/lang/ClassNotFoundException'{0x00000000904b61f0}: com/sun/org/apache/xerces/internal/impl/msg/spi/SAXMessagesProvider> (0x00000000904b61f0) 
thrown [./open/src/hotspot/share/classfile/systemDictionary.cpp, line 295]
Event: 7.460 Thread 0x00000255811dbfb0 Exception <a 'java/lang/NoSuchMethodError'{0x0000000090360928}: 'void java.lang.invoke.DirectMethodHandle$Holder.invokeStaticInit(java.lang.Object, java.lang.Object)'> (0x0000000090360928) 
thrown [./open/src/hotspot/share/interpreter/linkResolver.cpp, line 782]
Event: 7.535 Thread 0x00000255811dbfb0 Exception <a 'java/lang/NoSuchMethodError'{0x000000009038d690}: 'java.lang.Object java.lang.invoke.DirectMethodHandle$Holder.invokeStaticInit(java.lang.Object, int, int, int, int)'> (0x000000009038d690) 
thrown [./open/src/hotspot/share/interpreter/linkResolver.cpp, line 782]
Event: 7.787 Thread 0x00000255811dbfb0 Exception <a 'java/lang/NoSuchMethodError'{0x00000000903c2aa8}: 'java.lang.Object java.lang.invoke.DirectMethodHandle$Holder.invokeStaticInit(java.lang.Object, java.lang.Object, int, int, int, int)'> (0x00000000903c2aa8) 
thrown [./open/src/hotspot/share/interpreter/linkResolver.cpp, line 782]
Event: 7.981 Thread 0x00000255811dbfb0 Exception <a 'java/lang/NoSuchMethodError'{0x000000009006c088}: 'int java.lang.invoke.DirectMethodHandle$Holder.invokeVirtual(java.lang.Object, java.lang.Object)'> (0x000000009006c088) 
thrown [./open/src/hotspot/share/interpreter/linkResolver.cpp, line 782]
Event: 7.984 Thread 0x00000255811dbfb0 Exception <a 'java/lang/NoSuchMethodError'{0x0000000090076230}: 'java.lang.Object java.lang.invoke.Invokers$Holder.invokeExact_MT(java.lang.Object, java.lang.Object, java.lang.Object, java.lang.Object, java.lang.Object, java.lang.Object)'> (0x0000000090076230) 
thrown [./open/src/hotspot/share/interpreter/linkResolver.cpp, line 782]
Event: 8.006 Thread 0x00000255811dbfb0 Exception <a 'java/lang/NoSuchMethodError'{0x00000000900eb1f8}: 'int java.lang.invoke.DirectMethodHandle$Holder.invokeStaticInit(java.lang.Object, java.lang.Object, java.lang.Object)'> (0x00000000900eb1f8) 
thrown [./open/src/hotspot/share/interpreter/linkResolver.cpp, line 782]
Event: 8.096 Thread 0x00000255811dbfb0 Exception <a 'java/lang/NoSuchMethodError'{0x000000008ffdf1c0}: 'java.lang.Object java.lang.invoke.DirectMethodHandle$Holder.invokeSpecial(java.lang.Object, java.lang.Object, java.lang.Object, java.lang.Object, java.lang.Object, java.lang.Object, java.lang.Object, java.lang.Object, java.lang.Object, java.lang.Object)'> (0x000000008ffdf1c0) 
thrown [./open/src/hotspot/share/interpreter/linkResolver.cpp, line 782]
Event: 8.100 Thread 0x00000255811dbfb0 Exception <a 'java/lang/NoSuchMethodError'{0x000000008ffeb218}: 'java.lang.Object java.lang.invoke.DirectMethodHandle$Holder.newInvokeSpecial(java.lang.Object, java.lang.Object, java.lang.Object, java.lang.Object, java.lang.Object, java.lang.Object, java.lang.Object, java.lang.Object, java.lang.Object)'> (0x000000008ffeb218) 
thrown [./open/src/hotspot/share/interpreter/linkResolver.cpp, line 782]
Event: 8.102 Thread 0x00000255811dbfb0 Exception <a 'java/lang/NoSuchMethodError'{0x000000008fff0678}: 'java.lang.Object java.lang.invoke.Invokers$Holder.linkToTargetMethod(java.lang.Object, java.lang.Object, java.lang.Object, java.lang.Object, java.lang.Object, java.lang.Object, java.lang.Object, java.lang.Object, java.lang.Object)'> (0x000000008fff0678) 
thrown [./open/src/hotspot/share/interpreter/linkResolver.cpp, line 782]
Event: 8.131 Thread 0x00000255811dbfb0 Exception <a 'java/lang/NoSuchMethodError'{0x000000008fe34730}: 'java.lang.Object java.lang.invoke.DirectMethodHandle$Holder.newInvokeSpecial(java.lang.Object, java.lang.Object, java.lang.Object, java.lang.Object, java.lang.Object, java.lang.Object, java.lang.Object)'> (0x000000008fe34730) 
thrown [./open/src/hotspot/share/interpreter/linkResolver.cpp, line 782]
Event: 8.132 Thread 0x00000255811dbfb0 Exception <a 'java/lang/NoSuchMethodError'{0x000000008fe39598}: 'java.lang.Object java.lang.invoke.Invokers$Holder.linkToTargetMethod(java.lang.Object, java.lang.Object, java.lang.Object, java.lang.Object, java.lang.Object, java.lang.Object, java.lang.Object)'> (0x000000008fe39598) 
thrown [./open/src/hotspot/share/interpreter/linkResolver.cpp, line 782]
Event: 8.135 Thread 0x00000255811dbfb0 Exception <a 'java/lang/NoSuchMethodError'{0x000000008fe43590}: 'void java.lang.invoke.DirectMethodHandle$Holder.invokeStatic(java.lang.Object, java.lang.Object, java.lang.Object, java.lang.Object)'> (0x000000008fe43590) 
thrown [./open/src/hotspot/share/interpreter/linkResolver.cpp, line 782]
Event: 8.158 Thread 0x00000255811dbfb0 Exception <a 'java/lang/NoSuchMethodError'{0x000000008fe98930}: 'int java.lang.invoke.DirectMethodHandle$Holder.invokeSpecial(java.lang.Object, java.lang.Object, java.lang.Object)'> (0x000000008fe98930) 
thrown [./open/src/hotspot/share/interpreter/linkResolver.cpp, line 782]
Event: 8.251 Thread 0x00000255811dbfb0 Exception <a 'java/lang/NoSuchMethodError'{0x000000008fdade30}: 'java.lang.Object java.lang.invoke.DirectMethodHandle$Holder.invokeInterface(java.lang.Object, java.lang.Object)'> (0x000000008fdade30) 
thrown [./open/src/hotspot/share/interpreter/linkResolver.cpp, line 782]
Event: 8.269 Thread 0x00000255811dbfb0 Exception <a 'java/lang/NoSuchMethodError'{0x000000008fc0c3d0}: 'void java.lang.invoke.DirectMethodHandle$Holder.invokeInterface(java.lang.Object, java.lang.Object)'> (0x000000008fc0c3d0) 
thrown [./open/src/hotspot/share/interpreter/linkResolver.cpp, line 782]
Event: 8.561 Thread 0x00000255811dbfb0 Exception <a 'java/lang/IncompatibleClassChangeError'{0x0000000090613440}: Found class java.lang.Object, but interface was expected> (0x0000000090613440) 
thrown [./open/src/hotspot/share/interpreter/linkResolver.cpp, line 848]
Event: 8.573 Thread 0x00000255811dbfb0 Exception <a 'java/lang/NoSuchMethodError'{0x000000009062ae58}: 'void java.lang.invoke.DirectMethodHandle$Holder.invokeStatic(java.lang.Object, java.lang.Object, java.lang.Object)'> (0x000000009062ae58) 
thrown [./open/src/hotspot/share/interpreter/linkResolver.cpp, line 782]
Event: 8.769 Thread 0x00000255811dbfb0 Exception <a 'java/net/SocketException'{0x00000000905ad788}: Socket is not connected: shutdown> (0x00000000905ad788) 
thrown [./open/src/hotspot/share/prims/jni.cpp, line 599]

Events (20 events):
Event: 9.134 loading class sun/security/x509/CRLDistributionPointsExtension
Event: 9.135 loading class sun/security/x509/CRLDistributionPointsExtension done
Event: 9.135 loading class sun/security/x509/DistributionPoint
Event: 9.136 loading class sun/security/x509/DistributionPoint done
Event: 9.136 loading class sun/security/x509/URIName
Event: 9.136 loading class sun/security/x509/URIName done
Event: 9.136 loading class sun/security/x509/DNSName
Event: 9.136 loading class sun/security/x509/DNSName done
Event: 9.138 loading class sun/security/x509/NetscapeCertTypeExtension
Event: 9.138 loading class sun/security/x509/NetscapeCertTypeExtension done
Event: 9.138 loading class sun/security/x509/NetscapeCertTypeExtension$MapEntry
Event: 9.138 loading class sun/security/x509/NetscapeCertTypeExtension$MapEntry done
Event: 9.138 loading class sun/security/x509/SubjectAlternativeNameExtension
Event: 9.139 loading class sun/security/x509/SubjectAlternativeNameExtension done
Event: 9.139 loading class sun/security/x509/RFC822Name
Event: 9.139 loading class sun/security/x509/RFC822Name done
Event: 9.139 loading class sun/security/x509/IssuerAlternativeNameExtension
Event: 9.139 loading class sun/security/x509/IssuerAlternativeNameExtension done
Event: 9.178 loading class sun/security/x509/PrivateKeyUsageExtension
Event: 9.179 loading class sun/security/x509/PrivateKeyUsageExtension done


Dynamic libraries:
0x00007ff76a590000 - 0x00007ff76a59d000 	C:\Users\L10030BLR\.p2\pool\plugins\org.eclipse.justj.openjdk.hotspot.jre.full.win32.x86_64_15.0.2.v20210201-0955\jre\bin\javaw.exe
0x00007ffe2e0b0000 - 0x00007ffe2e2a5000 	C:\Windows\SYSTEM32\ntdll.dll
0x00007ffe2d3c0000 - 0x00007ffe2d47d000 	C:\Windows\System32\KERNEL32.DLL
0x00007ffe2ba10000 - 0x00007ffe2bcd9000 	C:\Windows\System32\KERNELBASE.dll
0x0000000052380000 - 0x000000005242e000 	C:\Windows\System32\SYSFER.DLL
0x00007ffe2b7f0000 - 0x00007ffe2b8f0000 	C:\Windows\System32\ucrtbase.dll
0x00007ffe244d0000 - 0x00007ffe244e8000 	C:\Users\L10030BLR\.p2\pool\plugins\org.eclipse.justj.openjdk.hotspot.jre.full.win32.x86_64_15.0.2.v20210201-0955\jre\bin\jli.dll
0x00007ffe2c7a0000 - 0x00007ffe2c940000 	C:\Windows\System32\USER32.dll
0x00007ffe2b940000 - 0x00007ffe2b962000 	C:\Windows\System32\win32u.dll
0x00007ffe18c30000 - 0x00007ffe18eca000 	C:\Windows\WinSxS\amd64_microsoft.windows.common-controls_6595b64144ccf1df_6.0.19041.1110_none_60b5254171f9507e\COMCTL32.dll
0x00007ffe2cf20000 - 0x00007ffe2cf4a000 	C:\Windows\System32\GDI32.dll
0x00007ffe2ce80000 - 0x00007ffe2cf1e000 	C:\Windows\System32\msvcrt.dll
0x00007ffe2bdc0000 - 0x00007ffe2becb000 	C:\Windows\System32\gdi32full.dll
0x00007ffe2b970000 - 0x00007ffe2ba0d000 	C:\Windows\System32\msvcp_win.dll
0x00007ffe244f0000 - 0x00007ffe24509000 	C:\Users\L10030BLR\.p2\pool\plugins\org.eclipse.justj.openjdk.hotspot.jre.full.win32.x86_64_15.0.2.v20210201-0955\jre\bin\VCRUNTIME140.dll
0x00007ffe2caf0000 - 0x00007ffe2cb20000 	C:\Windows\System32\IMM32.DLL
0x00007ffe28210000 - 0x00007ffe2821c000 	C:\Users\L10030BLR\.p2\pool\plugins\org.eclipse.justj.openjdk.hotspot.jre.full.win32.x86_64_15.0.2.v20210201-0955\jre\bin\vcruntime140_1.dll
0x00007ffdfe480000 - 0x00007ffdfe511000 	C:\Users\L10030BLR\.p2\pool\plugins\org.eclipse.justj.openjdk.hotspot.jre.full.win32.x86_64_15.0.2.v20210201-0955\jre\bin\msvcp140.dll
0x00007ffdcb490000 - 0x00007ffdcbfee000 	C:\Users\L10030BLR\.p2\pool\plugins\org.eclipse.justj.openjdk.hotspot.jre.full.win32.x86_64_15.0.2.v20210201-0955\jre\bin\server\jvm.dll
0x00007ffe2cc90000 - 0x00007ffe2cd3c000 	C:\Windows\System32\ADVAPI32.dll
0x00007ffe2c180000 - 0x00007ffe2c21b000 	C:\Windows\System32\sechost.dll
0x00007ffe2cd50000 - 0x00007ffe2ce7a000 	C:\Windows\System32\RPCRT4.dll
0x00007ffe2d920000 - 0x00007ffe2d928000 	C:\Windows\System32\PSAPI.DLL
0x00007ffe15fe0000 - 0x00007ffe15fe9000 	C:\Windows\SYSTEM32\WSOCK32.dll
0x00007ffe2cf50000 - 0x00007ffe2cfbb000 	C:\Windows\System32\WS2_32.dll
0x00007ffe25ee0000 - 0x00007ffe25f07000 	C:\Windows\SYSTEM32\WINMM.dll
0x00007ffe291e0000 - 0x00007ffe291ea000 	C:\Windows\SYSTEM32\VERSION.dll
0x00007ffe29640000 - 0x00007ffe29652000 	C:\Windows\SYSTEM32\kernel.appcore.dll
0x00007ffe244c0000 - 0x00007ffe244ca000 	C:\Users\L10030BLR\.p2\pool\plugins\org.eclipse.justj.openjdk.hotspot.jre.full.win32.x86_64_15.0.2.v20210201-0955\jre\bin\jimage.dll
0x00007ffe28d40000 - 0x00007ffe28f24000 	C:\Windows\SYSTEM32\DBGHELP.DLL
0x00007ffe24450000 - 0x00007ffe2447c000 	C:\Windows\SYSTEM32\dbgcore.DLL
0x00007ffe2c030000 - 0x00007ffe2c0b3000 	C:\Windows\System32\bcryptPrimitives.dll
0x00007ffe049c0000 - 0x00007ffe049e5000 	C:\Users\L10030BLR\.p2\pool\plugins\org.eclipse.justj.openjdk.hotspot.jre.full.win32.x86_64_15.0.2.v20210201-0955\jre\bin\java.dll
0x00007ffe08d70000 - 0x00007ffe08d88000 	C:\Users\L10030BLR\.p2\pool\plugins\org.eclipse.justj.openjdk.hotspot.jre.full.win32.x86_64_15.0.2.v20210201-0955\jre\bin\zip.dll
0x00007ffe2d930000 - 0x00007ffe2e06f000 	C:\Windows\System32\SHELL32.dll
0x00007ffe29920000 - 0x00007ffe2a0b1000 	C:\Windows\SYSTEM32\windows.storage.dll
0x00007ffe2d500000 - 0x00007ffe2d855000 	C:\Windows\System32\combase.dll
0x00007ffe2b260000 - 0x00007ffe2b28c000 	C:\Windows\SYSTEM32\Wldp.dll
0x00007ffe2d0a0000 - 0x00007ffe2d14e000 	C:\Windows\System32\SHCORE.dll
0x00007ffe2c120000 - 0x00007ffe2c175000 	C:\Windows\System32\shlwapi.dll
0x00007ffe2b730000 - 0x00007ffe2b74f000 	C:\Windows\SYSTEM32\profapi.dll
0x00007ffe086f0000 - 0x00007ffe08709000 	C:\Users\L10030BLR\.p2\pool\plugins\org.eclipse.justj.openjdk.hotspot.jre.full.win32.x86_64_15.0.2.v20210201-0955\jre\bin\net.dll
0x00007ffe1ee90000 - 0x00007ffe1ef9a000 	C:\Windows\SYSTEM32\WINHTTP.dll
0x00007ffe2afc0000 - 0x00007ffe2b02a000 	C:\Windows\system32\mswsock.dll
0x00007ffe049a0000 - 0x00007ffe049b2000 	C:\Users\L10030BLR\.p2\pool\plugins\org.eclipse.justj.openjdk.hotspot.jre.full.win32.x86_64_15.0.2.v20210201-0955\jre\bin\nio.dll
0x00007ffe2acb0000 - 0x00007ffe2ad7c000 	C:\Windows\SYSTEM32\DNSAPI.dll
0x00007ffe2ac60000 - 0x00007ffe2ac9b000 	C:\Windows\SYSTEM32\IPHLPAPI.DLL
0x00007ffe2cfc0000 - 0x00007ffe2cfc8000 	C:\Windows\System32\NSI.dll
0x00007ffe1e600000 - 0x00007ffe1e60a000 	C:\Windows\System32\rasadhlp.dll
0x00007ffe1eb20000 - 0x00007ffe1eb9f000 	C:\Windows\System32\fwpuclnt.dll
0x00007ffe2bd90000 - 0x00007ffe2bdb7000 	C:\Windows\System32\bcrypt.dll
0x00007ffe2b1a0000 - 0x00007ffe2b1b8000 	C:\Windows\SYSTEM32\CRYPTSP.dll
0x00007ffe2a8f0000 - 0x00007ffe2a924000 	C:\Windows\system32\rsaenh.dll
0x00007ffe2b6f0000 - 0x00007ffe2b71e000 	C:\Windows\SYSTEM32\USERENV.dll
0x00007ffe2b1c0000 - 0x00007ffe2b1cc000 	C:\Windows\SYSTEM32\CRYPTBASE.dll
0x00007ffe1ff20000 - 0x00007ffe1ff37000 	C:\Windows\SYSTEM32\dhcpcsvc6.DLL
0x00007ffe21510000 - 0x00007ffe2152d000 	C:\Windows\SYSTEM32\dhcpcsvc.DLL
0x00007ffe1d1d0000 - 0x00007ffe1d1dd000 	C:\Users\L10030BLR\.p2\pool\plugins\org.eclipse.justj.openjdk.hotspot.jre.full.win32.x86_64_15.0.2.v20210201-0955\jre\bin\sunmscapi.dll
0x00007ffe2bed0000 - 0x00007ffe2c02f000 	C:\Windows\System32\CRYPT32.dll
0x00007ffe2b2d0000 - 0x00007ffe2b2f7000 	C:\Windows\SYSTEM32\ncrypt.dll
0x00007ffe2b290000 - 0x00007ffe2b2cb000 	C:\Windows\SYSTEM32\NTASN1.dll

dbghelp: loaded successfully - version: 4.0.5 - missing functions: none
symbol engine: initialized successfully - sym options: 0x614 - pdb path: .;C:\Users\L10030BLR\.p2\pool\plugins\org.eclipse.justj.openjdk.hotspot.jre.full.win32.x86_64_15.0.2.v20210201-0955\jre\bin;C:\Windows\SYSTEM32;C:\Windows\WinSxS\amd64_microsoft.windows.common-controls_6595b64144ccf1df_6.0.19041.1110_none_60b5254171f9507e;C:\Users\L10030BLR\.p2\pool\plugins\org.eclipse.justj.openjdk.hotspot.jre.full.win32.x86_64_15.0.2.v20210201-0955\jre\bin\server

VM Arguments:
jvm_args: -ea -Dfile.encoding=Cp1252 -XX:+ShowCodeDetailsInExceptionMessages 
java_command: org.testng.remote.RemoteTestNG -serport 63818 -protocol json -d D:\Riyaz\AWB\qspiderLtu\QspidersLTU\test-output C:\Users\L10030~1\AppData\Local\Temp\testng-eclipse--167249596\testng-customsuite.xml
java_class_path (initial): D:\Riyaz\Other Info\eclipse\configuration\org.eclipse.osgi\444\0\.cp\lib\testng-remote.jar;D:\Riyaz\AWB\qspiderLtu\QspidersLTU\target\test-classes;D:\Riyaz\AWB\qspiderLtu\QspidersLTU\target\classes;C:\Users\L10030BLR\.p2\pool\plugins\org.testng_7.3.0.r202008060316.jar;C:\Users\L10030BLR\.p2\pool\plugins\com.beust.jcommander_1.78.0.jar;C:\Users\L10030BLR\.p2\pool\plugins\org.apache-extras.beanshell.bsh_2.0.0.b6.jar;C:\Users\L10030BLR\.p2\pool\plugins\org.yaml.snakeyaml_1.21.0.jar;C:\Users\L10030BLR\.m2\repository\org\seleniumhq\selenium\selenium-java\3.141.59\selenium-java-3.141.59.jar;C:\Users\L10030BLR\.m2\repository\org\seleniumhq\selenium\selenium-api\3.141.59\selenium-api-3.141.59.jar;C:\Users\L10030BLR\.m2\repository\org\seleniumhq\selenium\selenium-chrome-driver\3.141.59\selenium-chrome-driver-3.141.59.jar;C:\Users\L10030BLR\.m2\repository\org\seleniumhq\selenium\selenium-edge-driver\3.141.59\selenium-edge-driver-3.141.59.jar;C:\Users\L10030BLR\.m2\repository\org\seleniumhq\selenium\selenium-firefox-driver\3.141.59\selenium-firefox-driver-3.141.59.jar;C:\Users\L10030BLR\.m2\repository\org\seleniumhq\selenium\selenium-ie-driver\3.141.59\selenium-ie-driver-3.141.59.jar;C:\Users\L10030BLR\.m2\repository\org\seleniumhq\selenium\selenium-opera-driver\3.141.59\selenium-opera-driver-3.141.59.jar;C:\Users\L10030BLR\.m2\repository\org\seleniumhq\selenium\selenium-remote-driver\3.141.59\selenium-remote-driver-3.141.59.jar;C:\Users\L10030BLR\.m2\repository\org\seleniumhq\selenium\selenium-safari-driver\3.141.59\selenium-safari-driver-3.141.59.jar;C:\Users\L10030BLR\.m2\repository\org\seleniumhq\selenium\selenium-support\3.141.59\selenium-support-3.141.59.jar;C:\Users\L10030BLR\.m2\repository\net\bytebuddy\byte-buddy\1.8.15\byte-buddy-1.8.15.jar;C:\Users\L10030BLR\.m2\repository\org\apache\commons\commons-exec\1.3\commons-exec-1.3.jar;C:\Users\L10030BLR\.m2\repository\com\google\guava\guava\25.0-jre\guava-25.0-jre.jar;C:\Users\L10030BLR\.m2\re
Launcher Type: SUN_STANDARD

[Global flags]
     intx CICompilerCount                          = 3                                         {product} {ergonomic}
     uint ConcGCThreads                            = 1                                         {product} {ergonomic}
     uint G1ConcRefinementThreads                  = 4                                         {product} {ergonomic}
   size_t G1HeapRegionSize                         = 1048576                                   {product} {ergonomic}
    uintx GCDrainStackTargetSize                   = 64                                        {product} {ergonomic}
   size_t InitialHeapSize                          = 125829120                                 {product} {ergonomic}
   size_t MarkStackSize                            = 4194304                                   {product} {ergonomic}
   size_t MaxHeapSize                              = 1996488704                                {product} {ergonomic}
   size_t MaxNewSize                               = 1197473792                                {product} {ergonomic}
   size_t MinHeapDeltaBytes                        = 1048576                                   {product} {ergonomic}
   size_t MinHeapSize                              = 8388608                                   {product} {ergonomic}
    uintx NonNMethodCodeHeapSize                   = 5832780                                {pd product} {ergonomic}
    uintx NonProfiledCodeHeapSize                  = 122912730                              {pd product} {ergonomic}
    uintx ProfiledCodeHeapSize                     = 122912730                              {pd product} {ergonomic}
    uintx ReservedCodeCacheSize                    = 251658240                              {pd product} {ergonomic}
     bool SegmentedCodeCache                       = true                                      {product} {ergonomic}
     bool ShowCodeDetailsInExceptionMessages       = true                                   {manageable} {command line}
   size_t SoftMaxHeapSize                          = 1996488704                             {manageable} {ergonomic}
     bool UseCompressedClassPointers               = true                                 {lp64_product} {ergonomic}
     bool UseCompressedOops                        = true                                 {lp64_product} {ergonomic}
     bool UseG1GC                                  = true                                      {product} {ergonomic}
     bool UseLargePagesIndividualAllocation        = false                                  {pd product} {ergonomic}

Logging:
Log output configuration:
 #0: stdout all=warning uptime,level,tags
 #1: stderr all=off uptime,level,tags

Environment Variables:
PATH=C:/Users/L10030BLR/.p2/pool/plugins/org.eclipse.justj.openjdk.hotspot.jre.full.win32.x86_64_15.0.2.v20210201-0955/jre/bin/server;C:/Users/L10030BLR/.p2/pool/plugins/org.eclipse.justj.openjdk.hotspot.jre.full.win32.x86_64_15.0.2.v20210201-0955/jre/bin;C:\Windows\system32;C:\Windows;C:\Windows\System32\Wbem;C:\Windows\System32\WindowsPowerShell\v1.0\;C:\Windows\System32\OpenSSH\;C:\Users\L10030BLR\AppData\Local\Microsoft\WindowsApps;C:\Users\L10030BLR\AppData\Local\GitHubDesktop\bin;C:\Users\L10030BLR\Desktop;
USERNAME=Riyaz
OS=Windows_NT
PROCESSOR_IDENTIFIER=Intel64 Family 6 Model 69 Stepping 1, GenuineIntel



---------------  S Y S T E M  ---------------

OS:
 Windows 10 , 64 bit Build 19041 (10.0.19041.1023)
OS uptime: 7 days 12:23 hours

CPU: total 4 (initial active 4) (2 cores per cpu, 2 threads per core) family 6 model 69 stepping 1 microcode 0x26, cmov, cx8, fxsr, mmx, sse, sse2, sse3, ssse3, sse4.1, sse4.2, popcnt, vzeroupper, avx, avx2, aes, clmul, erms, lzcnt, ht, tsc, tscinvbit, bmi1, bmi2, fma, clflush

Memory: 4k page, system-wide physical 7609M (352M free)
TotalPageFile size 20339M (AvailPageFile size 0M)
current process WorkingSet (physical memory assigned to process): 99M, peak: 99M
current process commit charge ("private bytes"): 229M, peak: 230M

vm_info: OpenJDK 64-Bit Server VM (15.0.2+7-27) for windows-amd64 JRE (15.0.2+7-27), built on Dec  7 2020 20:02:38 by "mach5one" with unknown MS VC++:1925

END.
